2025-12-13 15:49:34, MOVE, v:1, k:poo@estacionamento, mode:DOWN
2025-12-13 15:49:35, MOVE, v:1, k:poo@estacionamento, mode:PICK
2025-12-13 15:49:42, EXEC, v:1, k:poo@estacionamento, mode:FULL, rate:0, size:0
2025-12-13 16:10:18, EXEC, v:1, k:poo@estacionamento, mode:FULL, rate:0, size:27
2025-12-13 16:10:31, EXEC, v:1, k:poo@estacionamento, mode:FULL, rate:0, size:27
2025-12-13 16:10:56, EXEC, v:1, k:poo@estacionamento, mode:FULL, rate:0, size:27
2025-12-13 16:11:07, EXEC, v:1, k:poo@estacionamento, mode:FULL, rate:0, size:28
2025-12-13 16:11:09, MOVE, v:1, k:poo@estacionamento, mode:BACK
2025-12-13 16:22:07, MOVE, v:1, k:poo@estacionamento, mode:PICK
2025-12-13 16:22:08, EXEC, v:1, k:poo@estacionamento, mode:FULL, rate:0, size:41
2025-12-13 16:22:24, MOVE, v:1, k:poo@estacionamento, mode:BACK
2025-12-13 16:24:42, MOVE, v:1, k:poo@estacionamento, mode:PICK
2025-12-13 16:24:43, EXEC, v:1, k:poo@estacionamento, mode:FULL, rate:0, size:40
2025-12-13 16:24:52, MOVE, v:1, k:poo@estacionamento, mode:BACK
2025-12-13 19:16:15, MOVE, v:1, k:poo@estacionamento, mode:PICK
2025-12-13 19:16:16, EXEC, v:1, k:poo@estacionamento, mode:FULL, rate:0, size:51
2025-12-13 19:16:22, MOVE, v:1, k:poo@estacionamento, mode:BACK
2025-12-13 19:28:53, MOVE, v:1, k:poo@estacionamento, mode:PICK
2025-12-13 19:28:54, EXEC, v:1, k:poo@estacionamento, mode:FULL, rate:0, size:69
2025-12-13 19:28:59, MOVE, v:1, k:poo@estacionamento, mode:BACK
2025-12-13 23:14:53, MOVE, v:1, k:poo@pagamento, mode:PICK
2025-12-13 23:14:54, EXEC, v:1, k:poo@pagamento, mode:LOCK, rate:0
2025-12-13 23:14:55, MOVE, v:1, k:poo@pagamento, mode:BACK
2025-12-13 23:15:01, MOVE, v:1, k:poo@estacionamento, mode:PICK
2025-12-13 23:15:01, EXEC, v:1, k:poo@estacionamento, mode:FULL, rate:0
2025-12-13 23:25:28, EXEC, v:1, k:poo@estacionamento, mode:FULL, rate:0, size:90
2025-12-13 23:35:17, EXEC, v:1, k:poo@estacionamento, mode:FULL, rate:0, size:97
2025-12-13 23:36:05, EXEC, v:1, k:poo@estacionamento, mode:FREE
2025-12-13 23:38:10, MOVE, v:1, k:poo@estacionamento, mode:PICK
2025-12-13 23:38:11, EXEC, v:1, k:poo@estacionamento, mode:FULL, rate:0, size:97
2025-12-13 23:40:24, EXEC, v:1, k:poo@estacionamento, mode:FULL, rate:0, size:100
2025-12-13 23:40:49, MOVE, v:1, k:poo@estacionamento, mode:BACK
2025-12-13 23:40:53, MOVE, v:1, k:poo@pagamento, mode:PICK
2025-12-13 23:40:53, EXEC, v:1, k:poo@pagamento, mode:LOCK, rate:0
2025-12-13 23:40:59, MOVE, v:1, k:poo@pagamento, mode:BACK
2025-12-13 23:41:10, MOVE, v:1, k:poo@pagamento, mode:PICK
2025-12-13 23:41:11, EXEC, v:1, k:poo@pagamento, mode:LOCK, rate:100, size:44
2025-12-13 23:41:13, MOVE, v:1, k:poo@pagamento, mode:BACK
2025-12-13 23:43:22, MOVE, v:1, k:poo@estacionamento, mode:PICK
2025-12-13 23:43:23, EXEC, v:1, k:poo@estacionamento, mode:FULL, rate:0
2025-12-13 23:43:31, EXEC, v:1, k:poo@estacionamento, mode:FREE
2025-12-13 23:44:03, MOVE, v:1, k:poo@estacionamento, mode:BACK
2025-12-13 23:50:14, SELF, v:1, k:poo@estacionamento, human:sim, iagen:nao, guide:sim, other:nao, alone:8, study:150
2025-12-13 23:50:23, MOVE, v:1, k:poo@estacionamento, mode:PICK
2025-12-13 23:50:23, EXEC, v:1, k:poo@estacionamento, mode:FULL, rate:0
2025-12-13 23:50:24, MOVE, v:1, k:poo@estacionamento, mode:BACK
